[INFO ] 2019-04-29 15:57:00,559 -- WorkingPath: /Users/sihc/eclipse-workspace/CARSKit-master/sampleData/CARSKit.Workspace/
[INFO ] 2019-04-29 15:57:00,566 -- Your original rating data path: /Users/sihc/eclipse-workspace/CARSKit-master/sampleData/user-history.csv
[INFO ] 2019-04-29 15:57:00,566 -- Current working path: /Users/sihc/eclipse-workspace/CARSKit-master/sampleData/CARSKit.Workspace/
[WARN ] 2019-04-29 15:57:00,568 -- You rating data is in Compact format. CARSKit is working on transformation on the data format...
[INFO ] 2019-04-29 15:57:00,576 -- User, Item, Rating, time:weekday, time:weekend, location:ha noi, location:ho chi minh, location:da nang, companion:alone, companion:friends, price:cheap, price:normal, price:expensive
[INFO ] 2019-04-29 15:57:00,577 -- Data transformaton completed (from Compact to Binary format). See new rating file: /Users/sihc/eclipse-workspace/CARSKit-master/sampleData/CARSKit.Workspace/train.csv
[INFO ] 2019-04-29 15:57:00,590 -- Dataset: ...pleData/CARSKit.Workspace/train.csv
[INFO ] 2019-04-29 15:57:00,591 -- DataPath: /Users/sihc/eclipse-workspace/CARSKit-master/sampleData/CARSKit.Workspace/train.csv
[INFO ] 2019-04-29 15:57:00,610 -- Rating data set has been successfully loaded.
[INFO ] 2019-04-29 15:57:00,614 -- 
/*********************************************************************************************
 *
 * Dataset: /Users/sihc/eclipse-workspace/CARSKit-master/sampleData/CARSKit.Workspace/train.csv
 * 
 * Statistics of U-I-C Matrix:
 * User amount: 5
 * Item amount: 3
 * Rate amount: 7
 * Context dimensions: 4 (time, location, companion, price)
 * Context conditions: 10 (time: 2, location: 3, companion: 2, price: 3)
 * Context situations: 6
 * Data density: 1.2963%
 * Scale distribution: [4.0 x 3, 5.0 x 3, 3.0]
 * Average value of all ratings: 4.285714
 * Standard deviation of all ratings: 0.699854
 * Mode of all rating values: 4.000000
 * Median of all rating values: 4.000000
 *
 *********************************************************************************************/
